<?xml version="1.0" encoding="UTF-8"?>
<testsuite name="Suisse.LibraryTest" tests="1" skipped="0" failures="0" errors="0" timestamp="2019-10-11T08:45:57" hostname="rob-ThinkPad-E560" time="0.002">
  <properties/>
  <testcase name="testSomeLibraryMethod" classname="Suisse.LibraryTest" time="0.002"/>
  <system-out><![CDATA[]]></system-out>
  <system-err><![CDATA[]]></system-err>
</testsuite>
